<html xmlns:math="http://exslt.org/math" xmlns:testng="http://testng.org">
   <head>
      <title>TestNG Results</title>
      <meta http-equiv="content-type" content="text/html; charset=utf-8"></meta>
      <meta http-equiv="pragma" content="no-cache"></meta>
      <meta http-equiv="cache-control" content="max-age=0"></meta>
      <meta http-equiv="cache-control" content="no-cache"></meta>
      <meta http-equiv="cache-control" content="no-store"></meta>
      <LINK rel="stylesheet" href="style.css"></LINK>
      <script type="text/javascript" src="main.js"></script>
   </head>
   <body>
      <table width="100%" style="font-size: 16px; margin-bottom: 10px;" cellspacing="1">
         <tr>
            <td width="100%">
               Test case
               
               <b>On chrome</b>
            </td>
            <td style="background-color: #FFBBBB; padding: 3px 3px 3px 0;" align="center">
               <div style="width: 50px;">3</div>
            </td>
            <td style="background-color: lightgreen; padding: 3px 3px 3px 0;" align="center">
               <div style="width: 50px;">0</div>
            </td>
            <td style="background-color: #FFFFBB; padding: 3px 3px 3px 0;" align="center">
               <div style="width: 50px;">1</div>
            </td>
            <td align="center" style="background-color: #eaf0f7; padding: 3px 3px 3px 0;">
               <div style="width: 50px;">4</div>
            </td>
            <td align="center"
                style="font-weight: bold; background-color: #eaf0f7; padding: 3px 3px 3px 0;">
               <div style="width: 50px;">0%</div>
            </td>
            <td style="background-color: #eaf0f7; padding: 3px 3px 3px 0;" align="center"
                nowrap="true">12s
               
            </td>
         </tr>
      </table>
      <div style="width: 200px;">
         <label for="groupMethodsCheckBox" style="font-weight: bold; margin: 0;">
            <input id="groupMethodsCheckBox" type="checkbox" onclick="switchTestMethodsView(this)"></input>
            Group by class
            
         </label>
         <br></br>
         <label for="methodsFilter_ALL" style="font-weight: bold; margin: 0;">
            <input id="methodsFilter_ALL" type="checkbox"
                   onclick="testMethodsFilterChanged(this, 'ALL')"></input>
            All
            
         </label>
      </div>
      <label for="methodsFilter_FAIL" style="margin-left: 20px;">
         <input id="methodsFilter_FAIL" type="checkbox"
                onclick="testMethodsFilterChanged(this, 'FAIL')"
                checked=""></input>
         Failed
         
      </label>
      <label for="methodsFilter_PASS">
         <input id="methodsFilter_PASS" type="checkbox"
                onclick="testMethodsFilterChanged(this, 'PASS')"
                checked=""></input>
         Passed
         
      </label>
      <label for="methodsFilter_SKIP">
         <input id="methodsFilter_SKIP" type="checkbox"
                onclick="testMethodsFilterChanged(this, 'SKIP')"
                checked=""></input>
         Skipped
         
      </label>
      <label for="methodsFilter_CONF">
         <input id="methodsFilter_CONF" type="checkbox"
                onclick="testMethodsFilterChanged(this, 'CONF')"></input>
         Config
         
      </label>
      <br></br>
      <div id="testMethodsByStatus">
         <table class="testMethodsTable" cellpadding="0" cellspacing="0">
            <tr class="methodsTableHeader">
               <td width="100%">Name</td>
               <td nowrap="true">Started</td>
               <td nowrap="true">Duration</td>
               <td>Exception</td>
            </tr>
            <tr id="com.orangehrm.baseclass.Logout_logoutTest_byStatus_failed_FAIL1_row"
                class="testMethodStatusFAIL">
               <td width="100%" class="firstMethodCell">
                  <a onclick="toggleDetailsVisibility('com.orangehrm.baseclass.Logout_logoutTest_byStatus_failed_FAIL1_details')">logoutTest()</a>
               </td>
               <td nowrap="true">21:23:57</td>
               <td nowrap="true" align="right">10s
                  
               </td>
               <td nowrap="true">
                  <a onclick="toggleDetailsVisibility('com.orangehrm.baseclass.Logout_logoutTest_byStatus_failed_FAIL1_exception')">java.lang.NullPointerException: </a>
                   
                  
               </td>
            </tr>
            <tr>
               <td colspan="4" class="detailsBox">
                  <div id="com.orangehrm.baseclass.Logout_logoutTest_byStatus_failed_FAIL1_details"
                       class="testMethodDetails">
                     <div>
                        <b>Name: </b>logoutTest
                     </div>
                     <div>
                        <b>Signature: </b>logoutTest()[pri:0, instance:com.orangehrm.baseclass.Logout@595bcd]
                     </div>
                     <div>
                        <b>Start time: </b>21:23:57
                     </div>
                     <div>
                        <b>End time: </b>21:24:08
                     </div>
                     <div>
                        <b>Duration: </b>10s
                        
                     </div>
                  </div>
               </td>
            </tr>
            <tr>
               <td colspan="4" class="detailsBox">
                  <div id="com.orangehrm.baseclass.Logout_logoutTest_byStatus_failed_FAIL1_exception"
                       class="testMethodDetails">
                     <pre style="padding: 5px; margin: 0;">java.lang.NullPointerException
                        	at org.openqa.selenium.support.pagefactory.DefaultElementLocator.findElement(DefaultElementLocator.java:69)
                        	at org.openqa.selenium.support.pagefactory.internal.LocatingElementHandler.invoke(LocatingElementHandler.java:38)
                        	at com.sun.proxy.$Proxy5.click(Unknown Source)
                        	at com.orangehrm.baseclass.Menu.logout(Menu.java:62)
                        	at com.orangehrm.baseclass.Logout.logoutTest(Logout.java:24)
                        	at sun.reflect.NativeMethodAccessorImpl.invoke0(Native Method)
                        	at sun.reflect.NativeMethodAccessorImpl.invoke(Unknown Source)
                        	at sun.reflect.DelegatingMethodAccessorImpl.invoke(Unknown Source)
                        	at java.lang.reflect.Method.invoke(Unknown Source)
                        	at org.testng.internal.MethodInvocationHelper.invokeMethod(MethodInvocationHelper.java:84)
                        	at org.testng.internal.Invoker.invokeMethod(Invoker.java:714)
                        	at org.testng.internal.Invoker.invokeTestMethod(Invoker.java:901)
                        	at org.testng.internal.Invoker.invokeTestMethods(Invoker.java:1231)
                        	at org.testng.internal.TestMethodWorker.invokeTestMethods(TestMethodWorker.java:127)
                        	at org.testng.internal.TestMethodWorker.run(TestMethodWorker.java:111)
                        	at org.testng.TestRunner.privateRun(TestRunner.java:767)
                        	at org.testng.TestRunner.run(TestRunner.java:617)
                        	at org.testng.SuiteRunner.runTest(SuiteRunner.java:334)
                        	at org.testng.SuiteRunner.access$000(SuiteRunner.java:37)
                        	at org.testng.SuiteRunner$SuiteWorker.run(SuiteRunner.java:368)
                        	at org.testng.internal.thread.ThreadUtil$2.call(ThreadUtil.java:64)
                        	at java.util.concurrent.FutureTask.run(Unknown Source)
                        	at java.util.concurrent.ThreadPoolExecutor.runWorker(Unknown Source)
                        	at java.util.concurrent.ThreadPoolExecutor$Worker.run(Unknown Source)
                        	at java.lang.Thread.run(Unknown Source)
                     </pre>
                  </div>
               </td>
            </tr>
            <tr id="com.orangehrm.baseclass.Login_loginTest_byStatus_failed_FAIL2_row"
                class="testMethodStatusFAIL">
               <td width="100%" class="firstMethodCell">
                  <a onclick="toggleDetailsVisibility('com.orangehrm.baseclass.Login_loginTest_byStatus_failed_FAIL2_details')">loginTest(chrome)</a>
               </td>
               <td nowrap="true">21:23:55</td>
               <td nowrap="true" align="right">1s
                  
               </td>
               <td nowrap="true">
                  <a onclick="toggleDetailsVisibility('com.orangehrm.baseclass.Login_loginTest_byStatus_failed_FAIL2_exception')">org.openqa.selenium.WebDriverException: 
                     The path to the driver executable must be set by the webdriver.chrome.driver system property; for more information, see https://github.com/SeleniumHQ/selenium/wiki/ChromeDriver.
                     The latest version can be downloaded from http://chromedriver.storage.googleapis.com/index.html
                     Command duration or timeout: 578 milliseconds
                     Build info: version: '2.47.1', revision: '411b314', time: '2015-07-30 03:03:16'
                     System info: host: 'Maya-PC', ip: '192.168.0.102', os.name: 'Windows 7', os.arch: 'x86', os.version: '6.1', java.version:
                     '1.7.0_80'
                     Driver info: org.openqa.selenium.remote.RemoteWebDriver
                     
                  </a>
                   
                  
               </td>
            </tr>
            <tr>
               <td colspan="4" class="detailsBox">
                  <div id="com.orangehrm.baseclass.Login_loginTest_byStatus_failed_FAIL2_details"
                       class="testMethodDetails">
                     <div>
                        <b>Name: </b>loginTest
                     </div>
                     <div>
                        <b>Signature: </b>loginTest(java.lang.String)[pri:0, instance:com.orangehrm.baseclass.Login@1d4ea6c]
                     </div>
                     <div>
                        <b>Parameters: </b>
                        
                        chrome
                        
                        
                     </div>
                     <div>
                        <b>Start time: </b>21:23:55
                     </div>
                     <div>
                        <b>End time: </b>21:23:56
                     </div>
                     <div>
                        <b>Duration: </b>1s
                        
                     </div>
                  </div>
               </td>
            </tr>
            <tr>
               <td colspan="4" class="detailsBox">
                  <div id="com.orangehrm.baseclass.Login_loginTest_byStatus_failed_FAIL2_exception"
                       class="testMethodDetails">
                     <pre style="padding: 5px; margin: 0;">org.openqa.selenium.WebDriverException: The path to the driver executable must be set by the webdriver.chrome.driver system
                        property; for more information, see https://github.com/SeleniumHQ/selenium/wiki/ChromeDriver. The latest version can be downloaded
                        from http://chromedriver.storage.googleapis.com/index.html
                        Command duration or timeout: 578 milliseconds
                        Build info: version: '2.47.1', revision: '411b314', time: '2015-07-30 03:03:16'
                        System info: host: 'Maya-PC', ip: '192.168.0.102', os.name: 'Windows 7', os.arch: 'x86', os.version: '6.1', java.version:
                        '1.7.0_80'
                        Driver info: org.openqa.selenium.remote.RemoteWebDriver
                        	at sun.reflect.NativeConstructorAccessorImpl.newInstance0(Native Method)
                        	at sun.reflect.NativeConstructorAccessorImpl.newInstance(Unknown Source)
                        	at sun.reflect.DelegatingConstructorAccessorImpl.newInstance(Unknown Source)
                        	at java.lang.reflect.Constructor.newInstance(Unknown Source)
                        	at org.openqa.selenium.remote.ErrorHandler.createThrowable(ErrorHandler.java:206)
                        	at org.openqa.selenium.remote.ErrorHandler.throwIfResponseFailed(ErrorHandler.java:158)
                        	at org.openqa.selenium.remote.RemoteWebDriver.execute(RemoteWebDriver.java:595)
                        	at org.openqa.selenium.remote.RemoteWebDriver.startSession(RemoteWebDriver.java:242)
                        	at org.openqa.selenium.remote.RemoteWebDriver.&lt;init&gt;(RemoteWebDriver.java:128)
                        	at org.openqa.selenium.remote.RemoteWebDriver.&lt;init&gt;(RemoteWebDriver.java:155)
                        	at com.orangehrm.baseclass.Login.loginTest(Login.java:36)
                        	at sun.reflect.NativeMethodAccessorImpl.invoke0(Native Method)
                        	at sun.reflect.NativeMethodAccessorImpl.invoke(Unknown Source)
                        	at sun.reflect.DelegatingMethodAccessorImpl.invoke(Unknown Source)
                        	at java.lang.reflect.Method.invoke(Unknown Source)
                        	at org.testng.internal.MethodInvocationHelper.invokeMethod(MethodInvocationHelper.java:84)
                        	at org.testng.internal.Invoker.invokeMethod(Invoker.java:714)
                        	at org.testng.internal.Invoker.invokeTestMethod(Invoker.java:901)
                        	at org.testng.internal.Invoker.invokeTestMethods(Invoker.java:1231)
                        	at org.testng.internal.TestMethodWorker.invokeTestMethods(TestMethodWorker.java:127)
                        	at org.testng.internal.TestMethodWorker.run(TestMethodWorker.java:111)
                        	at org.testng.TestRunner.privateRun(TestRunner.java:767)
                        	at org.testng.TestRunner.run(TestRunner.java:617)
                        	at org.testng.SuiteRunner.runTest(SuiteRunner.java:334)
                        	at org.testng.SuiteRunner.access$000(SuiteRunner.java:37)
                        	at org.testng.SuiteRunner$SuiteWorker.run(SuiteRunner.java:368)
                        	at org.testng.internal.thread.ThreadUtil$2.call(ThreadUtil.java:64)
                        	at java.util.concurrent.FutureTask.run(Unknown Source)
                        	at java.util.concurrent.ThreadPoolExecutor.runWorker(Unknown Source)
                        	at java.util.concurrent.ThreadPoolExecutor$Worker.run(Unknown Source)
                        	at java.lang.Thread.run(Unknown Source)
                        Caused by: java.lang.IllegalStateException: The path to the driver executable must be set by the webdriver.chrome.driver system
                        property; for more information, see https://github.com/SeleniumHQ/selenium/wiki/ChromeDriver. The latest version can be downloaded
                        from http://chromedriver.storage.googleapis.com/index.html
                        	at com.google.common.base.Preconditions.checkState(Preconditions.java:197)
                        	at org.openqa.selenium.remote.service.DriverService.findExecutable(DriverService.java:109)
                        	at org.openqa.selenium.chrome.ChromeDriverService.access$0(ChromeDriverService.java:1)
                        	at org.openqa.selenium.chrome.ChromeDriverService$Builder.findDefaultExecutable(ChromeDriverService.java:137)
                        	at org.openqa.selenium.remote.service.DriverService$Builder.build(DriverService.java:296)
                        	at org.openqa.selenium.chrome.ChromeDriverService.createDefaultService(ChromeDriverService.java:88)
                        	at org.openqa.selenium.chrome.ChromeDriver.&lt;init&gt;(ChromeDriver.java:138)
                        	at sun.reflect.NativeConstructorAccessorImpl.newInstance0(Native Method)
                        	at sun.reflect.NativeConstructorAccessorImpl.newInstance(Unknown Source)
                        	at sun.reflect.DelegatingConstructorAccessorImpl.newInstance(Unknown Source)
                        	at java.lang.reflect.Constructor.newInstance(Unknown Source)
                        	at org.openqa.selenium.remote.server.DefaultDriverProvider.callConstructor(DefaultDriverProvider.java:103)
                        	at org.openqa.selenium.remote.server.DefaultDriverProvider.newInstance(DefaultDriverProvider.java:97)
                        	at org.openqa.selenium.remote.server.DefaultDriverFactory.newInstance(DefaultDriverFactory.java:60)
                        	at org.openqa.selenium.remote.server.DefaultSession$BrowserCreator.call(DefaultSession.java:222)
                        	at org.openqa.selenium.remote.server.DefaultSession$BrowserCreator.call(DefaultSession.java:1)
                        	at java.util.concurrent.FutureTask.run(Unknown Source)
                        	at org.openqa.selenium.remote.server.DefaultSession$1.run(DefaultSession.java:176)
                        	... 3 more
                     </pre>
                  </div>
               </td>
            </tr>
            <tr id="com.orangehrm.baseclass.AddEmployee_addEmployeeTest_byStatus_failed_FAIL3_row"
                class="testMethodStatusFAIL">
               <td width="100%" class="firstMethodCell">
                  <a onclick="toggleDetailsVisibility('com.orangehrm.baseclass.AddEmployee_addEmployeeTest_byStatus_failed_FAIL3_details')">addEmployeeTest()</a>
               </td>
               <td nowrap="true">21:23:56</td>
               <td nowrap="true" align="right">1s
                  
               </td>
               <td nowrap="true">
                  <a onclick="toggleDetailsVisibility('com.orangehrm.baseclass.AddEmployee_addEmployeeTest_byStatus_failed_FAIL3_exception')">java.lang.NullPointerException: </a>
                   
                  
               </td>
            </tr>
            <tr>
               <td colspan="4" class="detailsBox">
                  <div id="com.orangehrm.baseclass.AddEmployee_addEmployeeTest_byStatus_failed_FAIL3_details"
                       class="testMethodDetails">
                     <div>
                        <b>Name: </b>addEmployeeTest
                     </div>
                     <div>
                        <b>Signature: </b>addEmployeeTest()[pri:0, instance:com.orangehrm.baseclass.AddEmployee@1e9b48b]
                     </div>
                     <div>
                        <b>Start time: </b>21:23:56
                     </div>
                     <div>
                        <b>End time: </b>21:23:57
                     </div>
                     <div>
                        <b>Duration: </b>1s
                        
                     </div>
                  </div>
               </td>
            </tr>
            <tr>
               <td colspan="4" class="detailsBox">
                  <div id="com.orangehrm.baseclass.AddEmployee_addEmployeeTest_byStatus_failed_FAIL3_exception"
                       class="testMethodDetails">
                     <pre style="padding: 5px; margin: 0;">java.lang.NullPointerException
                        	at org.openqa.selenium.support.pagefactory.DefaultElementLocator.findElement(DefaultElementLocator.java:69)
                        	at org.openqa.selenium.support.pagefactory.internal.LocatingElementHandler.invoke(LocatingElementHandler.java:38)
                        	at com.sun.proxy.$Proxy5.click(Unknown Source)
                        	at com.orangehrm.baseclass.Menu.pim(Menu.java:20)
                        	at com.orangehrm.baseclass.AddEmployee.addEmployeeTest(AddEmployee.java:34)
                        	at sun.reflect.NativeMethodAccessorImpl.invoke0(Native Method)
                        	at sun.reflect.NativeMethodAccessorImpl.invoke(Unknown Source)
                        	at sun.reflect.DelegatingMethodAccessorImpl.invoke(Unknown Source)
                        	at java.lang.reflect.Method.invoke(Unknown Source)
                        	at org.testng.internal.MethodInvocationHelper.invokeMethod(MethodInvocationHelper.java:84)
                        	at org.testng.internal.Invoker.invokeMethod(Invoker.java:714)
                        	at org.testng.internal.Invoker.invokeTestMethod(Invoker.java:901)
                        	at org.testng.internal.Invoker.invokeTestMethods(Invoker.java:1231)
                        	at org.testng.internal.TestMethodWorker.invokeTestMethods(TestMethodWorker.java:127)
                        	at org.testng.internal.TestMethodWorker.run(TestMethodWorker.java:111)
                        	at org.testng.TestRunner.privateRun(TestRunner.java:767)
                        	at org.testng.TestRunner.run(TestRunner.java:617)
                        	at org.testng.SuiteRunner.runTest(SuiteRunner.java:334)
                        	at org.testng.SuiteRunner.access$000(SuiteRunner.java:37)
                        	at org.testng.SuiteRunner$SuiteWorker.run(SuiteRunner.java:368)
                        	at org.testng.internal.thread.ThreadUtil$2.call(ThreadUtil.java:64)
                        	at java.util.concurrent.FutureTask.run(Unknown Source)
                        	at java.util.concurrent.ThreadPoolExecutor.runWorker(Unknown Source)
                        	at java.util.concurrent.ThreadPoolExecutor$Worker.run(Unknown Source)
                        	at java.lang.Thread.run(Unknown Source)
                     </pre>
                  </div>
               </td>
            </tr>
            <tr id="com.orangehrm.baseclass.TakingScreenshot_screenshotTest_byStatus_skiped_SKIP1_row"
                class="testMethodStatusSKIP">
               <td width="100%" class="firstMethodCell">
                  <a onclick="toggleDetailsVisibility('com.orangehrm.baseclass.TakingScreenshot_screenshotTest_byStatus_skiped_SKIP1_details')">screenshotTest()</a>
               </td>
               <td nowrap="true">21:23:57</td>
               <td nowrap="true" align="right">30 ms
                  
               </td>
               <td nowrap="true">
                  <a onclick="toggleDetailsVisibility('com.orangehrm.baseclass.TakingScreenshot_screenshotTest_byStatus_skiped_SKIP1_exception')">org.testng.SkipException: 
                     Screenshot test case skipped
                     
                  </a>
                   
                  
               </td>
            </tr>
            <tr>
               <td colspan="4" class="detailsBox">
                  <div id="com.orangehrm.baseclass.TakingScreenshot_screenshotTest_byStatus_skiped_SKIP1_details"
                       class="testMethodDetails">
                     <div>
                        <b>Name: </b>screenshotTest
                     </div>
                     <div>
                        <b>Signature: </b>screenshotTest()[pri:0, instance:com.orangehrm.baseclass.TakingScreenshot@99f610]
                     </div>
                     <div>
                        <b>Start time: </b>21:23:57
                     </div>
                     <div>
                        <b>End time: </b>21:23:57
                     </div>
                     <div>
                        <b>Duration: </b>30 ms
                        
                     </div>
                  </div>
               </td>
            </tr>
            <tr>
               <td colspan="4" class="detailsBox">
                  <div id="com.orangehrm.baseclass.TakingScreenshot_screenshotTest_byStatus_skiped_SKIP1_exception"
                       class="testMethodDetails">
                     <pre style="padding: 5px; margin: 0;">org.testng.SkipException: Screenshot test case skipped
                        	at com.orangehrm.baseclass.TakingScreenshot.screenshotTest(TakingScreenshot.java:16)
                        	at sun.reflect.NativeMethodAccessorImpl.invoke0(Native Method)
                        	at sun.reflect.NativeMethodAccessorImpl.invoke(Unknown Source)
                        	at sun.reflect.DelegatingMethodAccessorImpl.invoke(Unknown Source)
                        	at java.lang.reflect.Method.invoke(Unknown Source)
                        	at org.testng.internal.MethodInvocationHelper.invokeMethod(MethodInvocationHelper.java:84)
                        	at org.testng.internal.Invoker.invokeMethod(Invoker.java:714)
                        	at org.testng.internal.Invoker.invokeTestMethod(Invoker.java:901)
                        	at org.testng.internal.Invoker.invokeTestMethods(Invoker.java:1231)
                        	at org.testng.internal.TestMethodWorker.invokeTestMethods(TestMethodWorker.java:127)
                        	at org.testng.internal.TestMethodWorker.run(TestMethodWorker.java:111)
                        	at org.testng.TestRunner.privateRun(TestRunner.java:767)
                        	at org.testng.TestRunner.run(TestRunner.java:617)
                        	at org.testng.SuiteRunner.runTest(SuiteRunner.java:334)
                        	at org.testng.SuiteRunner.access$000(SuiteRunner.java:37)
                        	at org.testng.SuiteRunner$SuiteWorker.run(SuiteRunner.java:368)
                        	at org.testng.internal.thread.ThreadUtil$2.call(ThreadUtil.java:64)
                        	at java.util.concurrent.FutureTask.run(Unknown Source)
                        	at java.util.concurrent.ThreadPoolExecutor.runWorker(Unknown Source)
                        	at java.util.concurrent.ThreadPoolExecutor$Worker.run(Unknown Source)
                        	at java.lang.Thread.run(Unknown Source)
                     </pre>
                  </div>
               </td>
            </tr>
         </table>
      </div>
      <div id="testMethodsByClass" style="display: none;">
         <table class="testMethodsTable" cellpadding="0" cellspacing="0">
            <tr>
               <td colspan="4">
                  <h3 style="display: inline;">com.orangehrm.baseclass.AddEmployee</h3>
               </td>
            </tr>
            <tr class="methodsTableHeader">
               <td width="100%">Name</td>
               <td nowrap="true">Started</td>
               <td nowrap="true">Duration</td>
               <td>Exception</td>
            </tr>
            <tr id="com.orangehrm.baseclass.AddEmployee_addEmployeeTest_byClass_FAIL1_row"
                class="testMethodStatusFAIL">
               <td width="100%" class="firstMethodCell">
                  <a onclick="toggleDetailsVisibility('com.orangehrm.baseclass.AddEmployee_addEmployeeTest_byClass_FAIL1_details')">addEmployeeTest()</a>
               </td>
               <td nowrap="true">21:23:56</td>
               <td nowrap="true" align="right">1s
                  
               </td>
               <td nowrap="true">
                  <a onclick="toggleDetailsVisibility('com.orangehrm.baseclass.AddEmployee_addEmployeeTest_byClass_FAIL1_exception')">java.lang.NullPointerException: </a>
                   
                  
               </td>
            </tr>
            <tr>
               <td colspan="4" class="detailsBox">
                  <div id="com.orangehrm.baseclass.AddEmployee_addEmployeeTest_byClass_FAIL1_details"
                       class="testMethodDetails">
                     <div>
                        <b>Name: </b>addEmployeeTest
                     </div>
                     <div>
                        <b>Signature: </b>addEmployeeTest()[pri:0, instance:com.orangehrm.baseclass.AddEmployee@1e9b48b]
                     </div>
                     <div>
                        <b>Start time: </b>21:23:56
                     </div>
                     <div>
                        <b>End time: </b>21:23:57
                     </div>
                     <div>
                        <b>Duration: </b>1s
                        
                     </div>
                  </div>
               </td>
            </tr>
            <tr>
               <td colspan="4" class="detailsBox">
                  <div id="com.orangehrm.baseclass.AddEmployee_addEmployeeTest_byClass_FAIL1_exception"
                       class="testMethodDetails">
                     <pre style="padding: 5px; margin: 0;">java.lang.NullPointerException
                        	at org.openqa.selenium.support.pagefactory.DefaultElementLocator.findElement(DefaultElementLocator.java:69)
                        	at org.openqa.selenium.support.pagefactory.internal.LocatingElementHandler.invoke(LocatingElementHandler.java:38)
                        	at com.sun.proxy.$Proxy5.click(Unknown Source)
                        	at com.orangehrm.baseclass.Menu.pim(Menu.java:20)
                        	at com.orangehrm.baseclass.AddEmployee.addEmployeeTest(AddEmployee.java:34)
                        	at sun.reflect.NativeMethodAccessorImpl.invoke0(Native Method)
                        	at sun.reflect.NativeMethodAccessorImpl.invoke(Unknown Source)
                        	at sun.reflect.DelegatingMethodAccessorImpl.invoke(Unknown Source)
                        	at java.lang.reflect.Method.invoke(Unknown Source)
                        	at org.testng.internal.MethodInvocationHelper.invokeMethod(MethodInvocationHelper.java:84)
                        	at org.testng.internal.Invoker.invokeMethod(Invoker.java:714)
                        	at org.testng.internal.Invoker.invokeTestMethod(Invoker.java:901)
                        	at org.testng.internal.Invoker.invokeTestMethods(Invoker.java:1231)
                        	at org.testng.internal.TestMethodWorker.invokeTestMethods(TestMethodWorker.java:127)
                        	at org.testng.internal.TestMethodWorker.run(TestMethodWorker.java:111)
                        	at org.testng.TestRunner.privateRun(TestRunner.java:767)
                        	at org.testng.TestRunner.run(TestRunner.java:617)
                        	at org.testng.SuiteRunner.runTest(SuiteRunner.java:334)
                        	at org.testng.SuiteRunner.access$000(SuiteRunner.java:37)
                        	at org.testng.SuiteRunner$SuiteWorker.run(SuiteRunner.java:368)
                        	at org.testng.internal.thread.ThreadUtil$2.call(ThreadUtil.java:64)
                        	at java.util.concurrent.FutureTask.run(Unknown Source)
                        	at java.util.concurrent.ThreadPoolExecutor.runWorker(Unknown Source)
                        	at java.util.concurrent.ThreadPoolExecutor$Worker.run(Unknown Source)
                        	at java.lang.Thread.run(Unknown Source)
                     </pre>
                  </div>
               </td>
            </tr>
         </table>
         <br></br>
         <table class="testMethodsTable" cellpadding="0" cellspacing="0">
            <tr>
               <td colspan="4">
                  <h3 style="display: inline;">com.orangehrm.baseclass.Login</h3>
               </td>
            </tr>
            <tr class="methodsTableHeader">
               <td width="100%">Name</td>
               <td nowrap="true">Started</td>
               <td nowrap="true">Duration</td>
               <td>Exception</td>
            </tr>
            <tr id="com.orangehrm.baseclass.Login_loginTest_byClass_FAIL1_row"
                class="testMethodStatusFAIL">
               <td width="100%" class="firstMethodCell">
                  <a onclick="toggleDetailsVisibility('com.orangehrm.baseclass.Login_loginTest_byClass_FAIL1_details')">loginTest(chrome)</a>
               </td>
               <td nowrap="true">21:23:55</td>
               <td nowrap="true" align="right">1s
                  
               </td>
               <td nowrap="true">
                  <a onclick="toggleDetailsVisibility('com.orangehrm.baseclass.Login_loginTest_byClass_FAIL1_exception')">org.openqa.selenium.WebDriverException: 
                     The path to the driver executable must be set by the webdriver.chrome.driver system property; for more information, see https://github.com/SeleniumHQ/selenium/wiki/ChromeDriver.
                     The latest version can be downloaded from http://chromedriver.storage.googleapis.com/index.html
                     Command duration or timeout: 578 milliseconds
                     Build info: version: '2.47.1', revision: '411b314', time: '2015-07-30 03:03:16'
                     System info: host: 'Maya-PC', ip: '192.168.0.102', os.name: 'Windows 7', os.arch: 'x86', os.version: '6.1', java.version:
                     '1.7.0_80'
                     Driver info: org.openqa.selenium.remote.RemoteWebDriver
                     
                  </a>
                   
                  
               </td>
            </tr>
            <tr>
               <td colspan="4" class="detailsBox">
                  <div id="com.orangehrm.baseclass.Login_loginTest_byClass_FAIL1_details"
                       class="testMethodDetails">
                     <div>
                        <b>Name: </b>loginTest
                     </div>
                     <div>
                        <b>Signature: </b>loginTest(java.lang.String)[pri:0, instance:com.orangehrm.baseclass.Login@1d4ea6c]
                     </div>
                     <div>
                        <b>Parameters: </b>
                        
                        chrome
                        
                        
                     </div>
                     <div>
                        <b>Start time: </b>21:23:55
                     </div>
                     <div>
                        <b>End time: </b>21:23:56
                     </div>
                     <div>
                        <b>Duration: </b>1s
                        
                     </div>
                  </div>
               </td>
            </tr>
            <tr>
               <td colspan="4" class="detailsBox">
                  <div id="com.orangehrm.baseclass.Login_loginTest_byClass_FAIL1_exception"
                       class="testMethodDetails">
                     <pre style="padding: 5px; margin: 0;">org.openqa.selenium.WebDriverException: The path to the driver executable must be set by the webdriver.chrome.driver system
                        property; for more information, see https://github.com/SeleniumHQ/selenium/wiki/ChromeDriver. The latest version can be downloaded
                        from http://chromedriver.storage.googleapis.com/index.html
                        Command duration or timeout: 578 milliseconds
                        Build info: version: '2.47.1', revision: '411b314', time: '2015-07-30 03:03:16'
                        System info: host: 'Maya-PC', ip: '192.168.0.102', os.name: 'Windows 7', os.arch: 'x86', os.version: '6.1', java.version:
                        '1.7.0_80'
                        Driver info: org.openqa.selenium.remote.RemoteWebDriver
                        	at sun.reflect.NativeConstructorAccessorImpl.newInstance0(Native Method)
                        	at sun.reflect.NativeConstructorAccessorImpl.newInstance(Unknown Source)
                        	at sun.reflect.DelegatingConstructorAccessorImpl.newInstance(Unknown Source)
                        	at java.lang.reflect.Constructor.newInstance(Unknown Source)
                        	at org.openqa.selenium.remote.ErrorHandler.createThrowable(ErrorHandler.java:206)
                        	at org.openqa.selenium.remote.ErrorHandler.throwIfResponseFailed(ErrorHandler.java:158)
                        	at org.openqa.selenium.remote.RemoteWebDriver.execute(RemoteWebDriver.java:595)
                        	at org.openqa.selenium.remote.RemoteWebDriver.startSession(RemoteWebDriver.java:242)
                        	at org.openqa.selenium.remote.RemoteWebDriver.&lt;init&gt;(RemoteWebDriver.java:128)
                        	at org.openqa.selenium.remote.RemoteWebDriver.&lt;init&gt;(RemoteWebDriver.java:155)
                        	at com.orangehrm.baseclass.Login.loginTest(Login.java:36)
                        	at sun.reflect.NativeMethodAccessorImpl.invoke0(Native Method)
                        	at sun.reflect.NativeMethodAccessorImpl.invoke(Unknown Source)
                        	at sun.reflect.DelegatingMethodAccessorImpl.invoke(Unknown Source)
                        	at java.lang.reflect.Method.invoke(Unknown Source)
                        	at org.testng.internal.MethodInvocationHelper.invokeMethod(MethodInvocationHelper.java:84)
                        	at org.testng.internal.Invoker.invokeMethod(Invoker.java:714)
                        	at org.testng.internal.Invoker.invokeTestMethod(Invoker.java:901)
                        	at org.testng.internal.Invoker.invokeTestMethods(Invoker.java:1231)
                        	at org.testng.internal.TestMethodWorker.invokeTestMethods(TestMethodWorker.java:127)
                        	at org.testng.internal.TestMethodWorker.run(TestMethodWorker.java:111)
                        	at org.testng.TestRunner.privateRun(TestRunner.java:767)
                        	at org.testng.TestRunner.run(TestRunner.java:617)
                        	at org.testng.SuiteRunner.runTest(SuiteRunner.java:334)
                        	at org.testng.SuiteRunner.access$000(SuiteRunner.java:37)
                        	at org.testng.SuiteRunner$SuiteWorker.run(SuiteRunner.java:368)
                        	at org.testng.internal.thread.ThreadUtil$2.call(ThreadUtil.java:64)
                        	at java.util.concurrent.FutureTask.run(Unknown Source)
                        	at java.util.concurrent.ThreadPoolExecutor.runWorker(Unknown Source)
                        	at java.util.concurrent.ThreadPoolExecutor$Worker.run(Unknown Source)
                        	at java.lang.Thread.run(Unknown Source)
                        Caused by: java.lang.IllegalStateException: The path to the driver executable must be set by the webdriver.chrome.driver system
                        property; for more information, see https://github.com/SeleniumHQ/selenium/wiki/ChromeDriver. The latest version can be downloaded
                        from http://chromedriver.storage.googleapis.com/index.html
                        	at com.google.common.base.Preconditions.checkState(Preconditions.java:197)
                        	at org.openqa.selenium.remote.service.DriverService.findExecutable(DriverService.java:109)
                        	at org.openqa.selenium.chrome.ChromeDriverService.access$0(ChromeDriverService.java:1)
                        	at org.openqa.selenium.chrome.ChromeDriverService$Builder.findDefaultExecutable(ChromeDriverService.java:137)
                        	at org.openqa.selenium.remote.service.DriverService$Builder.build(DriverService.java:296)
                        	at org.openqa.selenium.chrome.ChromeDriverService.createDefaultService(ChromeDriverService.java:88)
                        	at org.openqa.selenium.chrome.ChromeDriver.&lt;init&gt;(ChromeDriver.java:138)
                        	at sun.reflect.NativeConstructorAccessorImpl.newInstance0(Native Method)
                        	at sun.reflect.NativeConstructorAccessorImpl.newInstance(Unknown Source)
                        	at sun.reflect.DelegatingConstructorAccessorImpl.newInstance(Unknown Source)
                        	at java.lang.reflect.Constructor.newInstance(Unknown Source)
                        	at org.openqa.selenium.remote.server.DefaultDriverProvider.callConstructor(DefaultDriverProvider.java:103)
                        	at org.openqa.selenium.remote.server.DefaultDriverProvider.newInstance(DefaultDriverProvider.java:97)
                        	at org.openqa.selenium.remote.server.DefaultDriverFactory.newInstance(DefaultDriverFactory.java:60)
                        	at org.openqa.selenium.remote.server.DefaultSession$BrowserCreator.call(DefaultSession.java:222)
                        	at org.openqa.selenium.remote.server.DefaultSession$BrowserCreator.call(DefaultSession.java:1)
                        	at java.util.concurrent.FutureTask.run(Unknown Source)
                        	at org.openqa.selenium.remote.server.DefaultSession$1.run(DefaultSession.java:176)
                        	... 3 more
                     </pre>
                  </div>
               </td>
            </tr>
         </table>
         <br></br>
         <table class="testMethodsTable" cellpadding="0" cellspacing="0">
            <tr>
               <td colspan="4">
                  <h3 style="display: inline;">com.orangehrm.baseclass.Logout</h3>
               </td>
            </tr>
            <tr class="methodsTableHeader">
               <td width="100%">Name</td>
               <td nowrap="true">Started</td>
               <td nowrap="true">Duration</td>
               <td>Exception</td>
            </tr>
            <tr id="com.orangehrm.baseclass.Logout_logoutTest_byClass_FAIL1_row"
                class="testMethodStatusFAIL">
               <td width="100%" class="firstMethodCell">
                  <a onclick="toggleDetailsVisibility('com.orangehrm.baseclass.Logout_logoutTest_byClass_FAIL1_details')">logoutTest()</a>
               </td>
               <td nowrap="true">21:23:57</td>
               <td nowrap="true" align="right">10s
                  
               </td>
               <td nowrap="true">
                  <a onclick="toggleDetailsVisibility('com.orangehrm.baseclass.Logout_logoutTest_byClass_FAIL1_exception')">java.lang.NullPointerException: </a>
                   
                  
               </td>
            </tr>
            <tr>
               <td colspan="4" class="detailsBox">
                  <div id="com.orangehrm.baseclass.Logout_logoutTest_byClass_FAIL1_details"
                       class="testMethodDetails">
                     <div>
                        <b>Name: </b>logoutTest
                     </div>
                     <div>
                        <b>Signature: </b>logoutTest()[pri:0, instance:com.orangehrm.baseclass.Logout@595bcd]
                     </div>
                     <div>
                        <b>Start time: </b>21:23:57
                     </div>
                     <div>
                        <b>End time: </b>21:24:08
                     </div>
                     <div>
                        <b>Duration: </b>10s
                        
                     </div>
                  </div>
               </td>
            </tr>
            <tr>
               <td colspan="4" class="detailsBox">
                  <div id="com.orangehrm.baseclass.Logout_logoutTest_byClass_FAIL1_exception"
                       class="testMethodDetails">
                     <pre style="padding: 5px; margin: 0;">java.lang.NullPointerException
                        	at org.openqa.selenium.support.pagefactory.DefaultElementLocator.findElement(DefaultElementLocator.java:69)
                        	at org.openqa.selenium.support.pagefactory.internal.LocatingElementHandler.invoke(LocatingElementHandler.java:38)
                        	at com.sun.proxy.$Proxy5.click(Unknown Source)
                        	at com.orangehrm.baseclass.Menu.logout(Menu.java:62)
                        	at com.orangehrm.baseclass.Logout.logoutTest(Logout.java:24)
                        	at sun.reflect.NativeMethodAccessorImpl.invoke0(Native Method)
                        	at sun.reflect.NativeMethodAccessorImpl.invoke(Unknown Source)
                        	at sun.reflect.DelegatingMethodAccessorImpl.invoke(Unknown Source)
                        	at java.lang.reflect.Method.invoke(Unknown Source)
                        	at org.testng.internal.MethodInvocationHelper.invokeMethod(MethodInvocationHelper.java:84)
                        	at org.testng.internal.Invoker.invokeMethod(Invoker.java:714)
                        	at org.testng.internal.Invoker.invokeTestMethod(Invoker.java:901)
                        	at org.testng.internal.Invoker.invokeTestMethods(Invoker.java:1231)
                        	at org.testng.internal.TestMethodWorker.invokeTestMethods(TestMethodWorker.java:127)
                        	at org.testng.internal.TestMethodWorker.run(TestMethodWorker.java:111)
                        	at org.testng.TestRunner.privateRun(TestRunner.java:767)
                        	at org.testng.TestRunner.run(TestRunner.java:617)
                        	at org.testng.SuiteRunner.runTest(SuiteRunner.java:334)
                        	at org.testng.SuiteRunner.access$000(SuiteRunner.java:37)
                        	at org.testng.SuiteRunner$SuiteWorker.run(SuiteRunner.java:368)
                        	at org.testng.internal.thread.ThreadUtil$2.call(ThreadUtil.java:64)
                        	at java.util.concurrent.FutureTask.run(Unknown Source)
                        	at java.util.concurrent.ThreadPoolExecutor.runWorker(Unknown Source)
                        	at java.util.concurrent.ThreadPoolExecutor$Worker.run(Unknown Source)
                        	at java.lang.Thread.run(Unknown Source)
                     </pre>
                  </div>
               </td>
            </tr>
         </table>
         <br></br>
         <table class="testMethodsTable" cellpadding="0" cellspacing="0">
            <tr>
               <td colspan="4">
                  <h3 style="display: inline;">com.orangehrm.baseclass.TakingScreenshot</h3>
               </td>
            </tr>
            <tr class="methodsTableHeader">
               <td width="100%">Name</td>
               <td nowrap="true">Started</td>
               <td nowrap="true">Duration</td>
               <td>Exception</td>
            </tr>
            <tr id="com.orangehrm.baseclass.TakingScreenshot_screenshotTest_byClass_SKIP1_row"
                class="testMethodStatusSKIP">
               <td width="100%" class="firstMethodCell">
                  <a onclick="toggleDetailsVisibility('com.orangehrm.baseclass.TakingScreenshot_screenshotTest_byClass_SKIP1_details')">screenshotTest()</a>
               </td>
               <td nowrap="true">21:23:57</td>
               <td nowrap="true" align="right">30 ms
                  
               </td>
               <td nowrap="true">
                  <a onclick="toggleDetailsVisibility('com.orangehrm.baseclass.TakingScreenshot_screenshotTest_byClass_SKIP1_exception')">org.testng.SkipException: 
                     Screenshot test case skipped
                     
                  </a>
                   
                  
               </td>
            </tr>
            <tr>
               <td colspan="4" class="detailsBox">
                  <div id="com.orangehrm.baseclass.TakingScreenshot_screenshotTest_byClass_SKIP1_details"
                       class="testMethodDetails">
                     <div>
                        <b>Name: </b>screenshotTest
                     </div>
                     <div>
                        <b>Signature: </b>screenshotTest()[pri:0, instance:com.orangehrm.baseclass.TakingScreenshot@99f610]
                     </div>
                     <div>
                        <b>Start time: </b>21:23:57
                     </div>
                     <div>
                        <b>End time: </b>21:23:57
                     </div>
                     <div>
                        <b>Duration: </b>30 ms
                        
                     </div>
                  </div>
               </td>
            </tr>
            <tr>
               <td colspan="4" class="detailsBox">
                  <div id="com.orangehrm.baseclass.TakingScreenshot_screenshotTest_byClass_SKIP1_exception"
                       class="testMethodDetails">
                     <pre style="padding: 5px; margin: 0;">org.testng.SkipException: Screenshot test case skipped
                        	at com.orangehrm.baseclass.TakingScreenshot.screenshotTest(TakingScreenshot.java:16)
                        	at sun.reflect.NativeMethodAccessorImpl.invoke0(Native Method)
                        	at sun.reflect.NativeMethodAccessorImpl.invoke(Unknown Source)
                        	at sun.reflect.DelegatingMethodAccessorImpl.invoke(Unknown Source)
                        	at java.lang.reflect.Method.invoke(Unknown Source)
                        	at org.testng.internal.MethodInvocationHelper.invokeMethod(MethodInvocationHelper.java:84)
                        	at org.testng.internal.Invoker.invokeMethod(Invoker.java:714)
                        	at org.testng.internal.Invoker.invokeTestMethod(Invoker.java:901)
                        	at org.testng.internal.Invoker.invokeTestMethods(Invoker.java:1231)
                        	at org.testng.internal.TestMethodWorker.invokeTestMethods(TestMethodWorker.java:127)
                        	at org.testng.internal.TestMethodWorker.run(TestMethodWorker.java:111)
                        	at org.testng.TestRunner.privateRun(TestRunner.java:767)
                        	at org.testng.TestRunner.run(TestRunner.java:617)
                        	at org.testng.SuiteRunner.runTest(SuiteRunner.java:334)
                        	at org.testng.SuiteRunner.access$000(SuiteRunner.java:37)
                        	at org.testng.SuiteRunner$SuiteWorker.run(SuiteRunner.java:368)
                        	at org.testng.internal.thread.ThreadUtil$2.call(ThreadUtil.java:64)
                        	at java.util.concurrent.FutureTask.run(Unknown Source)
                        	at java.util.concurrent.ThreadPoolExecutor.runWorker(Unknown Source)
                        	at java.util.concurrent.ThreadPoolExecutor$Worker.run(Unknown Source)
                        	at java.lang.Thread.run(Unknown Source)
                     </pre>
                  </div>
               </td>
            </tr>
         </table>
         <br></br>
      </div>
      <div style="margin-top: 15px; color: gray; text-align: center; font-size: 9px;">
         Generated with
         
         <a href="http://code.google.com/p/testng-xslt/" style="color: #8888aa;"
            target="_blank">
            TestNG XSLT
            
         </a>
      </div>
   </body>
</html>